[04-Dec-2018 18:13:11 UTC] PHP Fatal error:  Uncaught exception 'PDOException' with message 'SQLSTATE[HY000] [1044] Access denied for user 'b4444292890feb'@'%' to database 'pets'' in /home/ubuntu/workspace/cst336/labs/lab8/dbConnection.php:9
Stack trace:
#0 /home/ubuntu/workspace/cst336/labs/lab8/dbConnection.php(9): PDO->__construct('mysql:host=us-c...', 'b4444292890feb', 'eed1d6f9')
#1 /home/ubuntu/workspace/cst336/labs/lab8/api/getPetInfo.php(4): getDatabaseConnection('pets')
#2 {main}
  thrown in /home/ubuntu/workspace/cst336/labs/lab8/dbConnection.php on line 9
[04-Dec-2018 18:13:25 UTC] PHP Fatal error:  Uncaught exception 'PDOException' with message 'SQLSTATE[HY000] [1044] Access denied for user 'b4444292890feb'@'%' to database 'pets'' in /home/ubuntu/workspace/cst336/labs/lab8/dbConnection.php:9
Stack trace:
#0 /home/ubuntu/workspace/cst336/labs/lab8/dbConnection.php(9): PDO->__construct('mysql:host=us-c...', 'b4444292890feb', 'eed1d6f9')
#1 /home/ubuntu/workspace/cst336/labs/lab8/api/getPetInfo.php(4): getDatabaseConnection('pets')
#2 {main}
  thrown in /home/ubuntu/workspace/cst336/labs/lab8/dbConnection.php on line 9
[04-Dec-2018 18:13:45 UTC] PHP Fatal error:  Uncaught exception 'PDOException' with message 'SQLSTATE[HY000] [1044] Access denied for user 'b4444292890feb'@'%' to database 'pets'' in /home/ubuntu/workspace/cst336/labs/lab8/dbConnection.php:9
Stack trace:
#0 /home/ubuntu/workspace/cst336/labs/lab8/dbConnection.php(9): PDO->__construct('mysql:host=us-c...', 'b4444292890feb', 'eed1d6f9')
#1 /home/ubuntu/workspace/cst336/labs/lab8/api/getPetInfo.php(4): getDatabaseConnection('pets')
#2 {main}
  thrown in /home/ubuntu/workspace/cst336/labs/lab8/dbConnection.php on line 9
[04-Dec-2018 18:13:52 UTC] PHP Fatal error:  Uncaught exception 'PDOException' with message 'SQLSTATE[HY000] [1044] Access denied for user 'b4444292890feb'@'%' to database 'pets'' in /home/ubuntu/workspace/cst336/labs/lab8/dbConnection.php:9
Stack trace:
#0 /home/ubuntu/workspace/cst336/labs/lab8/dbConnection.php(9): PDO->__construct('mysql:host=us-c...', 'b4444292890feb', 'eed1d6f9')
#1 /home/ubuntu/workspace/cst336/labs/lab8/api/getPetInfo.php(4): getDatabaseConnection('pets')
#2 {main}
  thrown in /home/ubuntu/workspace/cst336/labs/lab8/dbConnection.php on line 9
